[2022-06-02 10:29:28.452] INFO  AbstractTestContextBootstrapper.getDefaultTestExecutionListenerClassNames(AbstractTestContextBootstrapper.java:245) - Loaded default TestExecutionListener class names from location [META-INF/spring.factories]: [org.springframework.test.context.web.ServletTestExecutionListener, org.springframework.test.context.support.DirtiesContextBeforeModesTestExecutionListener, org.springframework.test.context.event.ApplicationEventsTestExecutionListener, org.springframework.test.context.support.DependencyInjectionTestExecutionListener, org.springframework.test.context.support.DirtiesContextTestExecutionListener, org.springframework.test.context.transaction.TransactionalTestExecutionListener, org.springframework.test.context.jdbc.SqlScriptsTestExecutionListener, org.springframework.test.context.event.EventPublishingTestExecutionListener]
[2022-06-02 10:29:28.462] INFO  AbstractTestContextBootstrapper.getTestExecutionListeners(AbstractTestContextBootstrapper.java:174) - Using TestExecutionListeners: [org.springframework.test.context.support.DirtiesContextBeforeModesTestExecutionListener@1a677343, org.springframework.test.context.event.ApplicationEventsTestExecutionListener@15de0b3c, org.springframework.test.context.support.DependencyInjectionTestExecutionListener@489115ef, org.springframework.test.context.support.DirtiesContextTestExecutionListener@3857f613, org.springframework.test.context.transaction.TransactionalTestExecutionListener@198b6731, org.springframework.test.context.jdbc.SqlScriptsTestExecutionListener@7c6908d7, org.springframework.test.context.event.EventPublishingTestExecutionListener@3c9754d8]
[2022-06-02 10:29:28.627] DEBUG JTvPcwk.setUp(JTvPcwk.java:28) - ========================
[2022-06-02 10:29:28.627] DEBUG JTvPcwk.setUp(JTvPcwk.java:29) - 0. =setUp()=
[2022-06-02 10:29:28.627] DEBUG JTvPcwk.setUp(JTvPcwk.java:30) - ========================
[2022-06-02 10:29:28.629] DEBUG JTvPcwk.tvTest(JTvPcwk.java:44) - ========================
[2022-06-02 10:29:28.629] DEBUG JTvPcwk.tvTest(JTvPcwk.java:45) - =tvTest()=
[2022-06-02 10:29:28.629] DEBUG JTvPcwk.tvTest(JTvPcwk.java:46) - ========================
[2022-06-02 10:29:28.630] DEBUG JTvPcwk.tearDown(JTvPcwk.java:37) - ========================
[2022-06-02 10:29:28.630] DEBUG JTvPcwk.tearDown(JTvPcwk.java:38) - 9. =tearDown()=
[2022-06-02 10:29:28.630] DEBUG JTvPcwk.tearDown(JTvPcwk.java:39) - ========================
[2022-06-02 10:31:40.630] INFO  AbstractTestContextBootstrapper.getDefaultTestExecutionListenerClassNames(AbstractTestContextBootstrapper.java:245) - Loaded default TestExecutionListener class names from location [META-INF/spring.factories]: [org.springframework.test.context.web.ServletTestExecutionListener, org.springframework.test.context.support.DirtiesContextBeforeModesTestExecutionListener, org.springframework.test.context.event.ApplicationEventsTestExecutionListener, org.springframework.test.context.support.DependencyInjectionTestExecutionListener, org.springframework.test.context.support.DirtiesContextTestExecutionListener, org.springframework.test.context.transaction.TransactionalTestExecutionListener, org.springframework.test.context.jdbc.SqlScriptsTestExecutionListener, org.springframework.test.context.event.EventPublishingTestExecutionListener]
[2022-06-02 10:31:40.639] INFO  AbstractTestContextBootstrapper.getTestExecutionListeners(AbstractTestContextBootstrapper.java:174) - Using TestExecutionListeners: [org.springframework.test.context.support.DirtiesContextBeforeModesTestExecutionListener@1a677343, org.springframework.test.context.event.ApplicationEventsTestExecutionListener@15de0b3c, org.springframework.test.context.support.DependencyInjectionTestExecutionListener@489115ef, org.springframework.test.context.support.DirtiesContextTestExecutionListener@3857f613, org.springframework.test.context.transaction.TransactionalTestExecutionListener@198b6731, org.springframework.test.context.jdbc.SqlScriptsTestExecutionListener@7c6908d7, org.springframework.test.context.event.EventPublishingTestExecutionListener@3c9754d8]
[2022-06-02 10:31:40.818] DEBUG JTvPcwk.setUp(JTvPcwk.java:28) - ========================
[2022-06-02 10:31:40.818] DEBUG JTvPcwk.setUp(JTvPcwk.java:29) - 0. =setUp()=
[2022-06-02 10:31:40.818] DEBUG JTvPcwk.setUp(JTvPcwk.java:30) - ========================
[2022-06-02 10:31:40.818] DEBUG JTvPcwk.tearDown(JTvPcwk.java:39) - ========================
[2022-06-02 10:31:40.818] DEBUG JTvPcwk.tearDown(JTvPcwk.java:40) - 9. =tearDown()=
[2022-06-02 10:31:40.819] DEBUG JTvPcwk.tearDown(JTvPcwk.java:41) - ========================
[2022-06-02 10:31:47.609] INFO  AbstractTestContextBootstrapper.getDefaultTestExecutionListenerClassNames(AbstractTestContextBootstrapper.java:245) - Loaded default TestExecutionListener class names from location [META-INF/spring.factories]: [org.springframework.test.context.web.ServletTestExecutionListener, org.springframework.test.context.support.DirtiesContextBeforeModesTestExecutionListener, org.springframework.test.context.event.ApplicationEventsTestExecutionListener, org.springframework.test.context.support.DependencyInjectionTestExecutionListener, org.springframework.test.context.support.DirtiesContextTestExecutionListener, org.springframework.test.context.transaction.TransactionalTestExecutionListener, org.springframework.test.context.jdbc.SqlScriptsTestExecutionListener, org.springframework.test.context.event.EventPublishingTestExecutionListener]
[2022-06-02 10:31:47.618] INFO  AbstractTestContextBootstrapper.getTestExecutionListeners(AbstractTestContextBootstrapper.java:174) - Using TestExecutionListeners: [org.springframework.test.context.support.DirtiesContextBeforeModesTestExecutionListener@1a677343, org.springframework.test.context.event.ApplicationEventsTestExecutionListener@15de0b3c, org.springframework.test.context.support.DependencyInjectionTestExecutionListener@489115ef, org.springframework.test.context.support.DirtiesContextTestExecutionListener@3857f613, org.springframework.test.context.transaction.TransactionalTestExecutionListener@198b6731, org.springframework.test.context.jdbc.SqlScriptsTestExecutionListener@7c6908d7, org.springframework.test.context.event.EventPublishingTestExecutionListener@3c9754d8]
[2022-06-02 10:31:47.781] DEBUG JTvPcwk.setUp(JTvPcwk.java:28) - ========================
[2022-06-02 10:31:47.781] DEBUG JTvPcwk.setUp(JTvPcwk.java:29) - 0. =setUp()=
[2022-06-02 10:31:47.781] DEBUG JTvPcwk.setUp(JTvPcwk.java:30) - ========================
[2022-06-02 10:31:47.781] DEBUG JTvPcwk.tearDown(JTvPcwk.java:39) - ========================
[2022-06-02 10:31:47.781] DEBUG JTvPcwk.tearDown(JTvPcwk.java:40) - 9. =tearDown()=
[2022-06-02 10:31:47.781] DEBUG JTvPcwk.tearDown(JTvPcwk.java:41) - ========================
[2022-06-02 10:32:14.988] INFO  AbstractTestContextBootstrapper.getDefaultTestExecutionListenerClassNames(AbstractTestContextBootstrapper.java:245) - Loaded default TestExecutionListener class names from location [META-INF/spring.factories]: [org.springframework.test.context.web.ServletTestExecutionListener, org.springframework.test.context.support.DirtiesContextBeforeModesTestExecutionListener, org.springframework.test.context.event.ApplicationEventsTestExecutionListener, org.springframework.test.context.support.DependencyInjectionTestExecutionListener, org.springframework.test.context.support.DirtiesContextTestExecutionListener, org.springframework.test.context.transaction.TransactionalTestExecutionListener, org.springframework.test.context.jdbc.SqlScriptsTestExecutionListener, org.springframework.test.context.event.EventPublishingTestExecutionListener]
[2022-06-02 10:32:14.998] INFO  AbstractTestContextBootstrapper.getTestExecutionListeners(AbstractTestContextBootstrapper.java:174) - Using TestExecutionListeners: [org.springframework.test.context.support.DirtiesContextBeforeModesTestExecutionListener@1a677343, org.springframework.test.context.event.ApplicationEventsTestExecutionListener@15de0b3c, org.springframework.test.context.support.DependencyInjectionTestExecutionListener@489115ef, org.springframework.test.context.support.DirtiesContextTestExecutionListener@3857f613, org.springframework.test.context.transaction.TransactionalTestExecutionListener@198b6731, org.springframework.test.context.jdbc.SqlScriptsTestExecutionListener@7c6908d7, org.springframework.test.context.event.EventPublishingTestExecutionListener@3c9754d8]
[2022-06-02 10:32:15.165] DEBUG JTvPcwk.setUp(JTvPcwk.java:28) - ========================
[2022-06-02 10:32:15.166] DEBUG JTvPcwk.setUp(JTvPcwk.java:29) - 0. =setUp()=
[2022-06-02 10:32:15.166] DEBUG JTvPcwk.setUp(JTvPcwk.java:30) - ========================
[2022-06-02 10:32:15.166] DEBUG JTvPcwk.tvTest(JTvPcwk.java:46) - ========================
[2022-06-02 10:32:15.166] DEBUG JTvPcwk.tvTest(JTvPcwk.java:47) - =tvTest()=
[2022-06-02 10:32:15.166] DEBUG JTvPcwk.tvTest(JTvPcwk.java:48) - ========================
[2022-06-02 10:32:15.167] DEBUG JTvPcwk.tearDown(JTvPcwk.java:39) - ========================
[2022-06-02 10:32:15.168] DEBUG JTvPcwk.tearDown(JTvPcwk.java:40) - 9. =tearDown()=
[2022-06-02 10:32:15.168] DEBUG JTvPcwk.tearDown(JTvPcwk.java:41) - ========================
[2022-06-02 10:33:00.283] INFO  AbstractTestContextBootstrapper.getDefaultTestExecutionListenerClassNames(AbstractTestContextBootstrapper.java:245) - Loaded default TestExecutionListener class names from location [META-INF/spring.factories]: [org.springframework.test.context.web.ServletTestExecutionListener, org.springframework.test.context.support.DirtiesContextBeforeModesTestExecutionListener, org.springframework.test.context.event.ApplicationEventsTestExecutionListener, org.springframework.test.context.support.DependencyInjectionTestExecutionListener, org.springframework.test.context.support.DirtiesContextTestExecutionListener, org.springframework.test.context.transaction.TransactionalTestExecutionListener, org.springframework.test.context.jdbc.SqlScriptsTestExecutionListener, org.springframework.test.context.event.EventPublishingTestExecutionListener]
[2022-06-02 10:33:00.293] INFO  AbstractTestContextBootstrapper.getTestExecutionListeners(AbstractTestContextBootstrapper.java:174) - Using TestExecutionListeners: [org.springframework.test.context.support.DirtiesContextBeforeModesTestExecutionListener@1a677343, org.springframework.test.context.event.ApplicationEventsTestExecutionListener@15de0b3c, org.springframework.test.context.support.DependencyInjectionTestExecutionListener@489115ef, org.springframework.test.context.support.DirtiesContextTestExecutionListener@3857f613, org.springframework.test.context.transaction.TransactionalTestExecutionListener@198b6731, org.springframework.test.context.jdbc.SqlScriptsTestExecutionListener@7c6908d7, org.springframework.test.context.event.EventPublishingTestExecutionListener@3c9754d8]
[2022-06-02 10:33:00.482] DEBUG JTvPcwk.setUp(JTvPcwk.java:28) - ========================
[2022-06-02 10:33:00.482] DEBUG JTvPcwk.setUp(JTvPcwk.java:29) - 0. =setUp()=
[2022-06-02 10:33:00.482] DEBUG JTvPcwk.setUp(JTvPcwk.java:30) - ========================
[2022-06-02 10:33:00.484] DEBUG JTvPcwk.setUp(JTvPcwk.java:33) - context: org.springframework.context.support.GenericApplicationContext@ed7f8b4, started on Thu Jun 02 10:33:00 KST 2022
[2022-06-02 10:33:00.484] DEBUG JTvPcwk.setUp(JTvPcwk.java:34) - tv01: com.pcwk.ehr.SamsungTv@34bde49d
[2022-06-02 10:33:00.485] DEBUG JTvPcwk.tvTest(JTvPcwk.java:48) - ========================
[2022-06-02 10:33:00.485] DEBUG JTvPcwk.tvTest(JTvPcwk.java:49) - =tvTest()=
[2022-06-02 10:33:00.485] DEBUG JTvPcwk.tvTest(JTvPcwk.java:50) - ========================
[2022-06-02 10:33:00.487] DEBUG JTvPcwk.tearDown(JTvPcwk.java:41) - ========================
[2022-06-02 10:33:00.487] DEBUG JTvPcwk.tearDown(JTvPcwk.java:42) - 9. =tearDown()=
[2022-06-02 10:33:00.487] DEBUG JTvPcwk.tearDown(JTvPcwk.java:43) - ========================
[2022-06-02 10:33:24.938] INFO  AbstractTestContextBootstrapper.getDefaultTestExecutionListenerClassNames(AbstractTestContextBootstrapper.java:245) - Loaded default TestExecutionListener class names from location [META-INF/spring.factories]: [org.springframework.test.context.web.ServletTestExecutionListener, org.springframework.test.context.support.DirtiesContextBeforeModesTestExecutionListener, org.springframework.test.context.event.ApplicationEventsTestExecutionListener, org.springframework.test.context.support.DependencyInjectionTestExecutionListener, org.springframework.test.context.support.DirtiesContextTestExecutionListener, org.springframework.test.context.transaction.TransactionalTestExecutionListener, org.springframework.test.context.jdbc.SqlScriptsTestExecutionListener, org.springframework.test.context.event.EventPublishingTestExecutionListener]
[2022-06-02 10:33:24.948] INFO  AbstractTestContextBootstrapper.getTestExecutionListeners(AbstractTestContextBootstrapper.java:174) - Using TestExecutionListeners: [org.springframework.test.context.support.DirtiesContextBeforeModesTestExecutionListener@1a677343, org.springframework.test.context.event.ApplicationEventsTestExecutionListener@15de0b3c, org.springframework.test.context.support.DependencyInjectionTestExecutionListener@489115ef, org.springframework.test.context.support.DirtiesContextTestExecutionListener@3857f613, org.springframework.test.context.transaction.TransactionalTestExecutionListener@198b6731, org.springframework.test.context.jdbc.SqlScriptsTestExecutionListener@7c6908d7, org.springframework.test.context.event.EventPublishingTestExecutionListener@3c9754d8]
[2022-06-02 10:33:25.116] DEBUG JTvPcwk.setUp(JTvPcwk.java:28) - ========================
[2022-06-02 10:33:25.116] DEBUG JTvPcwk.setUp(JTvPcwk.java:29) - 0. =setUp()=
[2022-06-02 10:33:25.116] DEBUG JTvPcwk.setUp(JTvPcwk.java:30) - ========================
[2022-06-02 10:33:25.118] DEBUG JTvPcwk.setUp(JTvPcwk.java:33) - context: org.springframework.context.support.GenericApplicationContext@ed7f8b4, started on Thu Jun 02 10:33:25 KST 2022
[2022-06-02 10:33:25.118] DEBUG JTvPcwk.setUp(JTvPcwk.java:34) - tv01: com.pcwk.ehr.SamsungTv@34bde49d
[2022-06-02 10:33:25.119] DEBUG JTvPcwk.tvTest(JTvPcwk.java:48) - ========================
[2022-06-02 10:33:25.119] DEBUG JTvPcwk.tvTest(JTvPcwk.java:49) - =tvTest()=
[2022-06-02 10:33:25.119] DEBUG JTvPcwk.tvTest(JTvPcwk.java:50) - ========================
[2022-06-02 10:33:25.119] DEBUG SamsungTv.powerOn(SamsungTv.java:12) - 삼성Tv 전원을 켠다.
[2022-06-02 10:33:25.120] DEBUG JTvPcwk.tearDown(JTvPcwk.java:41) - ========================
[2022-06-02 10:33:25.120] DEBUG JTvPcwk.tearDown(JTvPcwk.java:42) - 9. =tearDown()=
[2022-06-02 10:33:25.120] DEBUG JTvPcwk.tearDown(JTvPcwk.java:43) - ========================
[2022-06-02 10:34:11.878] INFO  AbstractTestContextBootstrapper.getDefaultTestExecutionListenerClassNames(AbstractTestContextBootstrapper.java:245) - Loaded default TestExecutionListener class names from location [META-INF/spring.factories]: [org.springframework.test.context.web.ServletTestExecutionListener, org.springframework.test.context.support.DirtiesContextBeforeModesTestExecutionListener, org.springframework.test.context.event.ApplicationEventsTestExecutionListener, org.springframework.test.context.support.DependencyInjectionTestExecutionListener, org.springframework.test.context.support.DirtiesContextTestExecutionListener, org.springframework.test.context.transaction.TransactionalTestExecutionListener, org.springframework.test.context.jdbc.SqlScriptsTestExecutionListener, org.springframework.test.context.event.EventPublishingTestExecutionListener]
[2022-06-02 10:34:11.888] INFO  AbstractTestContextBootstrapper.getTestExecutionListeners(AbstractTestContextBootstrapper.java:174) - Using TestExecutionListeners: [org.springframework.test.context.support.DirtiesContextBeforeModesTestExecutionListener@1a677343, org.springframework.test.context.event.ApplicationEventsTestExecutionListener@15de0b3c, org.springframework.test.context.support.DependencyInjectionTestExecutionListener@489115ef, org.springframework.test.context.support.DirtiesContextTestExecutionListener@3857f613, org.springframework.test.context.transaction.TransactionalTestExecutionListener@198b6731, org.springframework.test.context.jdbc.SqlScriptsTestExecutionListener@7c6908d7, org.springframework.test.context.event.EventPublishingTestExecutionListener@3c9754d8]
[2022-06-02 10:34:12.064] DEBUG JTvPcwk.setUp(JTvPcwk.java:28) - ========================
[2022-06-02 10:34:12.064] DEBUG JTvPcwk.setUp(JTvPcwk.java:29) - 0. =setUp()=
[2022-06-02 10:34:12.064] DEBUG JTvPcwk.setUp(JTvPcwk.java:30) - ========================
[2022-06-02 10:34:12.066] DEBUG JTvPcwk.setUp(JTvPcwk.java:33) - context: org.springframework.context.support.GenericApplicationContext@ed7f8b4, started on Thu Jun 02 10:34:11 KST 2022
[2022-06-02 10:34:12.066] DEBUG JTvPcwk.setUp(JTvPcwk.java:34) - tv01: com.pcwk.ehr.SamsungTv@34bde49d
[2022-06-02 10:34:12.068] DEBUG JTvPcwk.tvTest(JTvPcwk.java:48) - ========================
[2022-06-02 10:34:12.068] DEBUG JTvPcwk.tvTest(JTvPcwk.java:49) - =tvTest()=
[2022-06-02 10:34:12.069] DEBUG JTvPcwk.tvTest(JTvPcwk.java:50) - ========================
[2022-06-02 10:34:12.069] DEBUG SamsungTv.powerOn(SamsungTv.java:12) - 삼성Tv 전원을 켠다.
[2022-06-02 10:34:12.069] DEBUG SamsungTv.volumeUp(SamsungTv.java:22) - 삼성Tv 볼륨을 높인다.
[2022-06-02 10:34:12.069] DEBUG SamsungTv.volumeDown(SamsungTv.java:27) - 삼성Tv 볼륨을 낮춘다.
[2022-06-02 10:34:12.069] DEBUG SamsungTv.powerOff(SamsungTv.java:17) - 삼성Tv 전원을 끈다.
[2022-06-02 10:34:12.070] DEBUG JTvPcwk.tearDown(JTvPcwk.java:41) - ========================
[2022-06-02 10:34:12.070] DEBUG JTvPcwk.tearDown(JTvPcwk.java:42) - 9. =tearDown()=
[2022-06-02 10:34:12.071] DEBUG JTvPcwk.tearDown(JTvPcwk.java:43) - ========================
[2022-06-02 10:36:52.776] INFO  AbstractTestContextBootstrapper.getDefaultTestExecutionListenerClassNames(AbstractTestContextBootstrapper.java:245) - Loaded default TestExecutionListener class names from location [META-INF/spring.factories]: [org.springframework.test.context.web.ServletTestExecutionListener, org.springframework.test.context.support.DirtiesContextBeforeModesTestExecutionListener, org.springframework.test.context.event.ApplicationEventsTestExecutionListener, org.springframework.test.context.support.DependencyInjectionTestExecutionListener, org.springframework.test.context.support.DirtiesContextTestExecutionListener, org.springframework.test.context.transaction.TransactionalTestExecutionListener, org.springframework.test.context.jdbc.SqlScriptsTestExecutionListener, org.springframework.test.context.event.EventPublishingTestExecutionListener]
[2022-06-02 10:36:52.785] INFO  AbstractTestContextBootstrapper.getTestExecutionListeners(AbstractTestContextBootstrapper.java:174) - Using TestExecutionListeners: [org.springframework.test.context.support.DirtiesContextBeforeModesTestExecutionListener@1a677343, org.springframework.test.context.event.ApplicationEventsTestExecutionListener@15de0b3c, org.springframework.test.context.support.DependencyInjectionTestExecutionListener@489115ef, org.springframework.test.context.support.DirtiesContextTestExecutionListener@3857f613, org.springframework.test.context.transaction.TransactionalTestExecutionListener@198b6731, org.springframework.test.context.jdbc.SqlScriptsTestExecutionListener@7c6908d7, org.springframework.test.context.event.EventPublishingTestExecutionListener@3c9754d8]
[2022-06-02 10:36:52.946] DEBUG SamsungTv.initMethod(SamsungTv.java:11) - 삼성Tv initMethod()
[2022-06-02 10:36:52.965] DEBUG JTvPcwk.setUp(JTvPcwk.java:28) - ========================
[2022-06-02 10:36:52.966] DEBUG JTvPcwk.setUp(JTvPcwk.java:29) - 0. =setUp()=
[2022-06-02 10:36:52.966] DEBUG JTvPcwk.setUp(JTvPcwk.java:30) - ========================
[2022-06-02 10:36:52.967] DEBUG JTvPcwk.setUp(JTvPcwk.java:33) - context: org.springframework.context.support.GenericApplicationContext@ed7f8b4, started on Thu Jun 02 10:36:52 KST 2022
[2022-06-02 10:36:52.968] DEBUG JTvPcwk.setUp(JTvPcwk.java:34) - tv01: com.pcwk.ehr.SamsungTv@821330f
[2022-06-02 10:36:52.968] DEBUG JTvPcwk.tvTest(JTvPcwk.java:48) - ========================
[2022-06-02 10:36:52.968] DEBUG JTvPcwk.tvTest(JTvPcwk.java:49) - =tvTest()=
[2022-06-02 10:36:52.968] DEBUG JTvPcwk.tvTest(JTvPcwk.java:50) - ========================
[2022-06-02 10:36:52.969] DEBUG SamsungTv.powerOn(SamsungTv.java:16) - 삼성Tv 전원을 켠다.
[2022-06-02 10:36:52.969] DEBUG SamsungTv.volumeUp(SamsungTv.java:26) - 삼성Tv 볼륨을 높인다.
[2022-06-02 10:36:52.969] DEBUG SamsungTv.volumeDown(SamsungTv.java:31) - 삼성Tv 볼륨을 낮춘다.
[2022-06-02 10:36:52.969] DEBUG SamsungTv.powerOff(SamsungTv.java:21) - 삼성Tv 전원을 끈다.
[2022-06-02 10:36:52.970] DEBUG JTvPcwk.tearDown(JTvPcwk.java:41) - ========================
[2022-06-02 10:36:52.970] DEBUG JTvPcwk.tearDown(JTvPcwk.java:42) - 9. =tearDown()=
[2022-06-02 10:36:52.970] DEBUG JTvPcwk.tearDown(JTvPcwk.java:43) - ========================
[2022-06-02 10:38:34.901] INFO  AbstractTestContextBootstrapper.getDefaultTestExecutionListenerClassNames(AbstractTestContextBootstrapper.java:245) - Loaded default TestExecutionListener class names from location [META-INF/spring.factories]: [org.springframework.test.context.web.ServletTestExecutionListener, org.springframework.test.context.support.DirtiesContextBeforeModesTestExecutionListener, org.springframework.test.context.event.ApplicationEventsTestExecutionListener, org.springframework.test.context.support.DependencyInjectionTestExecutionListener, org.springframework.test.context.support.DirtiesContextTestExecutionListener, org.springframework.test.context.transaction.TransactionalTestExecutionListener, org.springframework.test.context.jdbc.SqlScriptsTestExecutionListener, org.springframework.test.context.event.EventPublishingTestExecutionListener]
[2022-06-02 10:38:34.910] INFO  AbstractTestContextBootstrapper.getTestExecutionListeners(AbstractTestContextBootstrapper.java:174) - Using TestExecutionListeners: [org.springframework.test.context.support.DirtiesContextBeforeModesTestExecutionListener@1a677343, org.springframework.test.context.event.ApplicationEventsTestExecutionListener@15de0b3c, org.springframework.test.context.support.DependencyInjectionTestExecutionListener@489115ef, org.springframework.test.context.support.DirtiesContextTestExecutionListener@3857f613, org.springframework.test.context.transaction.TransactionalTestExecutionListener@198b6731, org.springframework.test.context.jdbc.SqlScriptsTestExecutionListener@7c6908d7, org.springframework.test.context.event.EventPublishingTestExecutionListener@3c9754d8]
[2022-06-02 10:38:35.075] DEBUG SamsungTv.<init>(SamsungTv.java:11) - 삼성Tv SamsungTv()
[2022-06-02 10:38:35.078] DEBUG SamsungTv.initMethod(SamsungTv.java:15) - 삼성Tv initMethod()
[2022-06-02 10:38:35.100] DEBUG JTvPcwk.setUp(JTvPcwk.java:28) - ========================
[2022-06-02 10:38:35.101] DEBUG JTvPcwk.setUp(JTvPcwk.java:29) - 0. =setUp()=
[2022-06-02 10:38:35.101] DEBUG JTvPcwk.setUp(JTvPcwk.java:30) - ========================
[2022-06-02 10:38:35.103] DEBUG JTvPcwk.setUp(JTvPcwk.java:33) - context: org.springframework.context.support.GenericApplicationContext@ed7f8b4, started on Thu Jun 02 10:38:35 KST 2022
[2022-06-02 10:38:35.103] DEBUG JTvPcwk.setUp(JTvPcwk.java:34) - tv01: com.pcwk.ehr.SamsungTv@821330f
[2022-06-02 10:38:35.103] DEBUG JTvPcwk.tvTest(JTvPcwk.java:48) - ========================
[2022-06-02 10:38:35.103] DEBUG JTvPcwk.tvTest(JTvPcwk.java:49) - =tvTest()=
[2022-06-02 10:38:35.103] DEBUG JTvPcwk.tvTest(JTvPcwk.java:50) - ========================
[2022-06-02 10:38:35.104] DEBUG SamsungTv.powerOn(SamsungTv.java:20) - 삼성Tv 전원을 켠다.
[2022-06-02 10:38:35.104] DEBUG SamsungTv.volumeUp(SamsungTv.java:30) - 삼성Tv 볼륨을 높인다.
[2022-06-02 10:38:35.104] DEBUG SamsungTv.volumeDown(SamsungTv.java:35) - 삼성Tv 볼륨을 낮춘다.
[2022-06-02 10:38:35.104] DEBUG SamsungTv.powerOff(SamsungTv.java:25) - 삼성Tv 전원을 끈다.
[2022-06-02 10:38:35.105] DEBUG JTvPcwk.tearDown(JTvPcwk.java:41) - ========================
[2022-06-02 10:38:35.105] DEBUG JTvPcwk.tearDown(JTvPcwk.java:42) - 9. =tearDown()=
[2022-06-02 10:38:35.105] DEBUG JTvPcwk.tearDown(JTvPcwk.java:43) - ========================
[2022-06-02 10:41:20.474] INFO  AbstractTestContextBootstrapper.getDefaultTestExecutionListenerClassNames(AbstractTestContextBootstrapper.java:245) - Loaded default TestExecutionListener class names from location [META-INF/spring.factories]: [org.springframework.test.context.web.ServletTestExecutionListener, org.springframework.test.context.support.DirtiesContextBeforeModesTestExecutionListener, org.springframework.test.context.event.ApplicationEventsTestExecutionListener, org.springframework.test.context.support.DependencyInjectionTestExecutionListener, org.springframework.test.context.support.DirtiesContextTestExecutionListener, org.springframework.test.context.transaction.TransactionalTestExecutionListener, org.springframework.test.context.jdbc.SqlScriptsTestExecutionListener, org.springframework.test.context.event.EventPublishingTestExecutionListener]
[2022-06-02 10:41:20.484] INFO  AbstractTestContextBootstrapper.getTestExecutionListeners(AbstractTestContextBootstrapper.java:174) - Using TestExecutionListeners: [org.springframework.test.context.support.DirtiesContextBeforeModesTestExecutionListener@1a677343, org.springframework.test.context.event.ApplicationEventsTestExecutionListener@15de0b3c, org.springframework.test.context.support.DependencyInjectionTestExecutionListener@489115ef, org.springframework.test.context.support.DirtiesContextTestExecutionListener@3857f613, org.springframework.test.context.transaction.TransactionalTestExecutionListener@198b6731, org.springframework.test.context.jdbc.SqlScriptsTestExecutionListener@7c6908d7, org.springframework.test.context.event.EventPublishingTestExecutionListener@3c9754d8]
[2022-06-02 10:41:20.629] DEBUG SamsungTv.<init>(SamsungTv.java:11) - 삼성Tv SamsungTv()
[2022-06-02 10:41:20.631] DEBUG SamsungTv.initMethod(SamsungTv.java:15) - 삼성Tv initMethod()
[2022-06-02 10:41:20.650] DEBUG JTvPcwk.setUp(JTvPcwk.java:28) - ========================
[2022-06-02 10:41:20.650] DEBUG JTvPcwk.setUp(JTvPcwk.java:29) - 0. =setUp()=
[2022-06-02 10:41:20.650] DEBUG JTvPcwk.setUp(JTvPcwk.java:30) - ========================
[2022-06-02 10:41:20.652] DEBUG JTvPcwk.setUp(JTvPcwk.java:33) - context: org.springframework.context.support.GenericApplicationContext@ed7f8b4, started on Thu Jun 02 10:41:20 KST 2022
[2022-06-02 10:41:20.652] DEBUG JTvPcwk.setUp(JTvPcwk.java:34) - tv01: com.pcwk.ehr.SamsungTv@821330f
[2022-06-02 10:41:20.653] DEBUG JTvPcwk.tvTest(JTvPcwk.java:48) - ========================
[2022-06-02 10:41:20.653] DEBUG JTvPcwk.tvTest(JTvPcwk.java:49) - =tvTest()=
[2022-06-02 10:41:20.653] DEBUG JTvPcwk.tvTest(JTvPcwk.java:50) - ========================
[2022-06-02 10:41:20.653] DEBUG SamsungTv.powerOn(SamsungTv.java:24) - 삼성Tv 전원을 켠다.
[2022-06-02 10:41:20.653] DEBUG SamsungTv.volumeUp(SamsungTv.java:34) - 삼성Tv 볼륨을 높인다.
[2022-06-02 10:41:20.654] DEBUG SamsungTv.volumeDown(SamsungTv.java:39) - 삼성Tv 볼륨을 낮춘다.
[2022-06-02 10:41:20.654] DEBUG SamsungTv.powerOff(SamsungTv.java:29) - 삼성Tv 전원을 끈다.
[2022-06-02 10:41:20.655] DEBUG JTvPcwk.tearDown(JTvPcwk.java:41) - ========================
[2022-06-02 10:41:20.655] DEBUG JTvPcwk.tearDown(JTvPcwk.java:42) - 9. =tearDown()=
[2022-06-02 10:41:20.655] DEBUG JTvPcwk.tearDown(JTvPcwk.java:43) - ========================
[2022-06-02 10:41:20.664] DEBUG SamsungTv.destroyMethod(SamsungTv.java:19) - 삼성Tv destroyMethod()
[2022-06-02 11:03:02.949] INFO  AbstractTestContextBootstrapper.getDefaultTestExecutionListenerClassNames(AbstractTestContextBootstrapper.java:245) - Loaded default TestExecutionListener class names from location [META-INF/spring.factories]: [org.springframework.test.context.web.ServletTestExecutionListener, org.springframework.test.context.support.DirtiesContextBeforeModesTestExecutionListener, org.springframework.test.context.event.ApplicationEventsTestExecutionListener, org.springframework.test.context.support.DependencyInjectionTestExecutionListener, org.springframework.test.context.support.DirtiesContextTestExecutionListener, org.springframework.test.context.transaction.TransactionalTestExecutionListener, org.springframework.test.context.jdbc.SqlScriptsTestExecutionListener, org.springframework.test.context.event.EventPublishingTestExecutionListener]
[2022-06-02 11:03:02.959] INFO  AbstractTestContextBootstrapper.getTestExecutionListeners(AbstractTestContextBootstrapper.java:174) - Using TestExecutionListeners: [org.springframework.test.context.support.DirtiesContextBeforeModesTestExecutionListener@1a677343, org.springframework.test.context.event.ApplicationEventsTestExecutionListener@15de0b3c, org.springframework.test.context.support.DependencyInjectionTestExecutionListener@489115ef, org.springframework.test.context.support.DirtiesContextTestExecutionListener@3857f613, org.springframework.test.context.transaction.TransactionalTestExecutionListener@198b6731, org.springframework.test.context.jdbc.SqlScriptsTestExecutionListener@7c6908d7, org.springframework.test.context.event.EventPublishingTestExecutionListener@3c9754d8]
[2022-06-02 11:03:03.154] DEBUG JTvPcwk.setUp(JTvPcwk.java:28) - ========================
[2022-06-02 11:03:03.155] DEBUG JTvPcwk.setUp(JTvPcwk.java:29) - 0. =setUp()=
[2022-06-02 11:03:03.155] DEBUG JTvPcwk.setUp(JTvPcwk.java:30) - ========================
[2022-06-02 11:03:03.155] DEBUG JTvPcwk.tearDown(JTvPcwk.java:44) - ========================
[2022-06-02 11:03:03.155] DEBUG JTvPcwk.tearDown(JTvPcwk.java:45) - 9. =tearDown()=
[2022-06-02 11:03:03.155] DEBUG JTvPcwk.tearDown(JTvPcwk.java:46) - ========================
[2022-06-02 11:03:11.413] INFO  AbstractTestContextBootstrapper.getDefaultTestExecutionListenerClassNames(AbstractTestContextBootstrapper.java:245) - Loaded default TestExecutionListener class names from location [META-INF/spring.factories]: [org.springframework.test.context.web.ServletTestExecutionListener, org.springframework.test.context.support.DirtiesContextBeforeModesTestExecutionListener, org.springframework.test.context.event.ApplicationEventsTestExecutionListener, org.springframework.test.context.support.DependencyInjectionTestExecutionListener, org.springframework.test.context.support.DirtiesContextTestExecutionListener, org.springframework.test.context.transaction.TransactionalTestExecutionListener, org.springframework.test.context.jdbc.SqlScriptsTestExecutionListener, org.springframework.test.context.event.EventPublishingTestExecutionListener]
[2022-06-02 11:03:11.422] INFO  AbstractTestContextBootstrapper.getTestExecutionListeners(AbstractTestContextBootstrapper.java:174) - Using TestExecutionListeners: [org.springframework.test.context.support.DirtiesContextBeforeModesTestExecutionListener@1a677343, org.springframework.test.context.event.ApplicationEventsTestExecutionListener@15de0b3c, org.springframework.test.context.support.DependencyInjectionTestExecutionListener@489115ef, org.springframework.test.context.support.DirtiesContextTestExecutionListener@3857f613, org.springframework.test.context.transaction.TransactionalTestExecutionListener@198b6731, org.springframework.test.context.jdbc.SqlScriptsTestExecutionListener@7c6908d7, org.springframework.test.context.event.EventPublishingTestExecutionListener@3c9754d8]
[2022-06-02 11:03:11.605] DEBUG JTvPcwk.setUp(JTvPcwk.java:28) - ========================
[2022-06-02 11:03:11.605] DEBUG JTvPcwk.setUp(JTvPcwk.java:29) - 0. =setUp()=
[2022-06-02 11:03:11.605] DEBUG JTvPcwk.setUp(JTvPcwk.java:30) - ========================
[2022-06-02 11:03:11.605] DEBUG JTvPcwk.tearDown(JTvPcwk.java:44) - ========================
[2022-06-02 11:03:11.605] DEBUG JTvPcwk.tearDown(JTvPcwk.java:45) - 9. =tearDown()=
[2022-06-02 11:03:11.605] DEBUG JTvPcwk.tearDown(JTvPcwk.java:46) - ========================
[2022-06-02 11:03:51.768] INFO  AbstractTestContextBootstrapper.getDefaultTestExecutionListenerClassNames(AbstractTestContextBootstrapper.java:245) - Loaded default TestExecutionListener class names from location [META-INF/spring.factories]: [org.springframework.test.context.web.ServletTestExecutionListener, org.springframework.test.context.support.DirtiesContextBeforeModesTestExecutionListener, org.springframework.test.context.event.ApplicationEventsTestExecutionListener, org.springframework.test.context.support.DependencyInjectionTestExecutionListener, org.springframework.test.context.support.DirtiesContextTestExecutionListener, org.springframework.test.context.transaction.TransactionalTestExecutionListener, org.springframework.test.context.jdbc.SqlScriptsTestExecutionListener, org.springframework.test.context.event.EventPublishingTestExecutionListener]
[2022-06-02 11:03:51.777] INFO  AbstractTestContextBootstrapper.getTestExecutionListeners(AbstractTestContextBootstrapper.java:174) - Using TestExecutionListeners: [org.springframework.test.context.support.DirtiesContextBeforeModesTestExecutionListener@1a677343, org.springframework.test.context.event.ApplicationEventsTestExecutionListener@15de0b3c, org.springframework.test.context.support.DependencyInjectionTestExecutionListener@489115ef, org.springframework.test.context.support.DirtiesContextTestExecutionListener@3857f613, org.springframework.test.context.transaction.TransactionalTestExecutionListener@198b6731, org.springframework.test.context.jdbc.SqlScriptsTestExecutionListener@7c6908d7, org.springframework.test.context.event.EventPublishingTestExecutionListener@3c9754d8]
[2022-06-02 11:03:51.940] DEBUG JTvPcwk.setUp(JTvPcwk.java:28) - ========================
[2022-06-02 11:03:51.940] DEBUG JTvPcwk.setUp(JTvPcwk.java:29) - 0. =setUp()=
[2022-06-02 11:03:51.940] DEBUG JTvPcwk.setUp(JTvPcwk.java:30) - ========================
[2022-06-02 11:03:51.941] DEBUG SamsungTv.<init>(SamsungTv.java:11) - 삼성Tv SamsungTv()
[2022-06-02 11:03:51.942] DEBUG SamsungTv.initMethod(SamsungTv.java:15) - 삼성Tv initMethod()
[2022-06-02 11:03:51.944] DEBUG JTvPcwk.setUp(JTvPcwk.java:34) - context: org.springframework.context.support.GenericApplicationContext@ed7f8b4, started on Thu Jun 02 11:03:51 KST 2022
[2022-06-02 11:03:51.944] DEBUG JTvPcwk.setUp(JTvPcwk.java:35) - tv01: com.pcwk.ehr.SamsungTv@821330f
[2022-06-02 11:03:51.944] DEBUG JTvPcwk.setUp(JTvPcwk.java:36) - tv02: com.pcwk.ehr.SamsungTv@821330f
[2022-06-02 11:03:51.945] DEBUG JTvPcwk.tvTest(JTvPcwk.java:51) - ========================
[2022-06-02 11:03:51.945] DEBUG JTvPcwk.tvTest(JTvPcwk.java:52) - =tvTest()=
[2022-06-02 11:03:51.945] DEBUG JTvPcwk.tvTest(JTvPcwk.java:53) - ========================
[2022-06-02 11:03:51.945] DEBUG SamsungTv.powerOn(SamsungTv.java:24) - 삼성Tv 전원을 켠다.
[2022-06-02 11:03:51.945] DEBUG SamsungTv.volumeUp(SamsungTv.java:34) - 삼성Tv 볼륨을 높인다.
[2022-06-02 11:03:51.945] DEBUG SamsungTv.volumeDown(SamsungTv.java:39) - 삼성Tv 볼륨을 낮춘다.
[2022-06-02 11:03:51.945] DEBUG SamsungTv.powerOff(SamsungTv.java:29) - 삼성Tv 전원을 끈다.
[2022-06-02 11:03:51.946] DEBUG JTvPcwk.tearDown(JTvPcwk.java:44) - ========================
[2022-06-02 11:03:51.946] DEBUG JTvPcwk.tearDown(JTvPcwk.java:45) - 9. =tearDown()=
[2022-06-02 11:03:51.946] DEBUG JTvPcwk.tearDown(JTvPcwk.java:46) - ========================
[2022-06-02 11:03:51.956] DEBUG SamsungTv.destroyMethod(SamsungTv.java:19) - 삼성Tv destroyMethod()
[2022-06-02 11:04:10.497] INFO  AbstractTestContextBootstrapper.getDefaultTestExecutionListenerClassNames(AbstractTestContextBootstrapper.java:245) - Loaded default TestExecutionListener class names from location [META-INF/spring.factories]: [org.springframework.test.context.web.ServletTestExecutionListener, org.springframework.test.context.support.DirtiesContextBeforeModesTestExecutionListener, org.springframework.test.context.event.ApplicationEventsTestExecutionListener, org.springframework.test.context.support.DependencyInjectionTestExecutionListener, org.springframework.test.context.support.DirtiesContextTestExecutionListener, org.springframework.test.context.transaction.TransactionalTestExecutionListener, org.springframework.test.context.jdbc.SqlScriptsTestExecutionListener, org.springframework.test.context.event.EventPublishingTestExecutionListener]
[2022-06-02 11:04:10.507] INFO  AbstractTestContextBootstrapper.getTestExecutionListeners(AbstractTestContextBootstrapper.java:174) - Using TestExecutionListeners: [org.springframework.test.context.support.DirtiesContextBeforeModesTestExecutionListener@1a677343, org.springframework.test.context.event.ApplicationEventsTestExecutionListener@15de0b3c, org.springframework.test.context.support.DependencyInjectionTestExecutionListener@489115ef, org.springframework.test.context.support.DirtiesContextTestExecutionListener@3857f613, org.springframework.test.context.transaction.TransactionalTestExecutionListener@198b6731, org.springframework.test.context.jdbc.SqlScriptsTestExecutionListener@7c6908d7, org.springframework.test.context.event.EventPublishingTestExecutionListener@3c9754d8]
[2022-06-02 11:04:10.679] DEBUG JTvPcwk.setUp(JTvPcwk.java:28) - ========================
[2022-06-02 11:04:10.679] DEBUG JTvPcwk.setUp(JTvPcwk.java:29) - 0. =setUp()=
[2022-06-02 11:04:10.679] DEBUG JTvPcwk.setUp(JTvPcwk.java:30) - ========================
[2022-06-02 11:04:10.680] DEBUG SamsungTv.<init>(SamsungTv.java:11) - 삼성Tv SamsungTv()
[2022-06-02 11:04:10.680] DEBUG SamsungTv.initMethod(SamsungTv.java:15) - 삼성Tv initMethod()
[2022-06-02 11:04:10.680] DEBUG SamsungTv.<init>(SamsungTv.java:11) - 삼성Tv SamsungTv()
[2022-06-02 11:04:10.680] DEBUG SamsungTv.initMethod(SamsungTv.java:15) - 삼성Tv initMethod()
[2022-06-02 11:04:10.682] DEBUG JTvPcwk.setUp(JTvPcwk.java:34) - context: org.springframework.context.support.GenericApplicationContext@ed7f8b4, started on Thu Jun 02 11:04:10 KST 2022
[2022-06-02 11:04:10.682] DEBUG JTvPcwk.setUp(JTvPcwk.java:35) - tv01: com.pcwk.ehr.SamsungTv@821330f
[2022-06-02 11:04:10.682] DEBUG JTvPcwk.setUp(JTvPcwk.java:36) - tv02: com.pcwk.ehr.SamsungTv@6f43c82
[2022-06-02 11:04:10.683] DEBUG JTvPcwk.tearDown(JTvPcwk.java:44) - ========================
[2022-06-02 11:04:10.683] DEBUG JTvPcwk.tearDown(JTvPcwk.java:45) - 9. =tearDown()=
[2022-06-02 11:04:10.683] DEBUG JTvPcwk.tearDown(JTvPcwk.java:46) - ========================
