[2022-05-27 11:31:20.435] DEBUG NConnectionMaker.makeConnection(NConnectionMaker.java:21) - ==============================
[2022-05-27 11:31:20.437] DEBUG NConnectionMaker.makeConnection(NConnectionMaker.java:22) - =connection=oracle.jdbc.driver.T4CConnection@59d016c9
[2022-05-27 11:31:20.437] DEBUG NConnectionMaker.makeConnection(NConnectionMaker.java:23) - ==============================
[2022-05-27 11:31:20.437] DEBUG UserDao.add(UserDao.java:113) - ==============================
[2022-05-27 11:31:20.437] DEBUG UserDao.add(UserDao.java:114) - =param: UserVO [uId=p77, name=박훈, passwd=4321]
[2022-05-27 11:31:20.437] DEBUG UserDao.add(UserDao.java:115) - =sql: 
INSERT INTO hr_member (
	     u_id,             
	     name,             
	     passwd            
	) VALUES (             
	     ?,                
	     ?,                
	     ?                 
	)                      

[2022-05-27 11:31:20.437] DEBUG UserDao.add(UserDao.java:116) - ==============================
[2022-05-27 11:31:20.521] DEBUG UserDao.add(UserDao.java:126) - =flag: 1
[2022-05-27 11:31:20.522] DEBUG UserDaoTest.add(UserDaoTest.java:39) - =============================
[2022-05-27 11:31:20.522] DEBUG UserDaoTest.add(UserDaoTest.java:40) - =성공!!=
[2022-05-27 11:31:20.523] DEBUG UserDaoTest.add(UserDaoTest.java:41) - =============================
[2022-05-27 11:31:20.587] DEBUG NConnectionMaker.makeConnection(NConnectionMaker.java:21) - ==============================
[2022-05-27 11:31:20.588] DEBUG NConnectionMaker.makeConnection(NConnectionMaker.java:22) - =connection=oracle.jdbc.driver.T4CConnection@5032714f
[2022-05-27 11:31:20.588] DEBUG NConnectionMaker.makeConnection(NConnectionMaker.java:23) - ==============================
[2022-05-27 11:31:20.588] DEBUG UserDao.get(UserDao.java:51) - ==============================
[2022-05-27 11:31:20.588] DEBUG UserDao.get(UserDao.java:52) - =param: UserVO [uId=p77, name=박훈, passwd=4321]
[2022-05-27 11:31:20.588] DEBUG UserDao.get(UserDao.java:53) - =sql: 
SELECT u_id,     
	     name,      
	     passwd     
	FROM            
	     hr_member  
	WHERE u_id = ?  

[2022-05-27 11:31:20.588] DEBUG UserDao.get(UserDao.java:54) - ==============================
[2022-05-27 11:31:20.627] DEBUG UserDao.get(UserDao.java:69) - ==============================
[2022-05-27 11:31:20.627] DEBUG UserDao.get(UserDao.java:70) - =outVO: UserVO [uId=p77, name=박훈, passwd=4321]
[2022-05-27 11:31:20.627] DEBUG UserDao.get(UserDao.java:71) - ==============================
[2022-05-27 11:31:20.628] DEBUG UserDaoTest.get(UserDaoTest.java:25) - =============================
[2022-05-27 11:31:20.628] DEBUG UserDaoTest.get(UserDaoTest.java:26) - =성공!!=
[2022-05-27 11:31:20.628] DEBUG UserDaoTest.get(UserDaoTest.java:27) - =============================
[2022-05-27 12:01:39.527] DEBUG UserDaoTest.<init>(UserDaoTest.java:22) - ========================
[2022-05-27 12:01:39.531] DEBUG UserDaoTest.<init>(UserDaoTest.java:23) - =context=org.springframework.context.annotation.AnnotationConfigApplicationContext@240237d2, started on Fri May 27 12:01:39 KST 2022
[2022-05-27 12:01:39.531] DEBUG UserDaoTest.<init>(UserDaoTest.java:24) - =dao=com.pcwk.ehr.UserDao@74d1dc36
[2022-05-27 12:01:39.531] DEBUG UserDaoTest.<init>(UserDaoTest.java:25) - ========================
[2022-05-27 12:01:39.982] DEBUG NConnectionMaker.makeConnection(NConnectionMaker.java:21) - ==============================
[2022-05-27 12:01:39.982] DEBUG NConnectionMaker.makeConnection(NConnectionMaker.java:22) - =connection=oracle.jdbc.driver.T4CConnection@64b0598
[2022-05-27 12:01:39.982] DEBUG NConnectionMaker.makeConnection(NConnectionMaker.java:23) - ==============================
[2022-05-27 12:01:39.982] DEBUG UserDao.add(UserDao.java:113) - ==============================
[2022-05-27 12:01:39.982] DEBUG UserDao.add(UserDao.java:114) - =param: UserVO [uId=p77, name=박훈, passwd=4321]
[2022-05-27 12:01:39.982] DEBUG UserDao.add(UserDao.java:115) - =sql: 
INSERT INTO hr_member (
	     u_id,             
	     name,             
	     passwd            
	) VALUES (             
	     ?,                
	     ?,                
	     ?                 
	)                      

[2022-05-27 12:01:39.983] DEBUG UserDao.add(UserDao.java:116) - ==============================
[2022-05-27 12:01:40.040] DEBUG UserDao.add(UserDao.java:126) - =flag: 1
[2022-05-27 12:01:40.041] DEBUG UserDaoTest.add(UserDaoTest.java:48) - =============================
[2022-05-27 12:01:40.041] DEBUG UserDaoTest.add(UserDaoTest.java:49) - =성공!!=
[2022-05-27 12:01:40.041] DEBUG UserDaoTest.add(UserDaoTest.java:50) - =============================
[2022-05-27 12:01:40.100] DEBUG NConnectionMaker.makeConnection(NConnectionMaker.java:21) - ==============================
[2022-05-27 12:01:40.100] DEBUG NConnectionMaker.makeConnection(NConnectionMaker.java:22) - =connection=oracle.jdbc.driver.T4CConnection@6492fab5
[2022-05-27 12:01:40.100] DEBUG NConnectionMaker.makeConnection(NConnectionMaker.java:23) - ==============================
[2022-05-27 12:01:40.100] DEBUG UserDao.get(UserDao.java:51) - ==============================
[2022-05-27 12:01:40.100] DEBUG UserDao.get(UserDao.java:52) - =param: UserVO [uId=p77, name=박훈, passwd=4321]
[2022-05-27 12:01:40.100] DEBUG UserDao.get(UserDao.java:53) - =sql: 
SELECT u_id,     
	     name,      
	     passwd     
	FROM            
	     hr_member  
	WHERE u_id = ?  

[2022-05-27 12:01:40.100] DEBUG UserDao.get(UserDao.java:54) - ==============================
[2022-05-27 12:01:40.138] DEBUG UserDao.get(UserDao.java:69) - ==============================
[2022-05-27 12:01:40.138] DEBUG UserDao.get(UserDao.java:70) - =outVO: UserVO [uId=p77, name=박훈, passwd=4321]
[2022-05-27 12:01:40.138] DEBUG UserDao.get(UserDao.java:71) - ==============================
[2022-05-27 12:01:40.157] DEBUG UserDaoTest.get(UserDaoTest.java:34) - =============================
[2022-05-27 12:01:40.157] DEBUG UserDaoTest.get(UserDaoTest.java:35) - =성공!!=
[2022-05-27 12:01:40.158] DEBUG UserDaoTest.get(UserDaoTest.java:36) - =============================
[2022-05-27 12:03:08.995] DEBUG UserDaoTest.<init>(UserDaoTest.java:22) - ========================
[2022-05-27 12:03:08.997] DEBUG UserDaoTest.<init>(UserDaoTest.java:23) - =context=org.springframework.context.annotation.AnnotationConfigApplicationContext@25f4878b, started on Fri May 27 12:02:04 KST 2022
[2022-05-27 12:03:08.998] DEBUG UserDaoTest.<init>(UserDaoTest.java:24) - =dao=com.pcwk.ehr.UserDao@64bc21ac
[2022-05-27 12:03:08.998] DEBUG UserDaoTest.<init>(UserDaoTest.java:25) - ========================
[2022-05-27 12:03:09.480] DEBUG NConnectionMaker.makeConnection(NConnectionMaker.java:21) - ==============================
[2022-05-27 12:03:09.480] DEBUG NConnectionMaker.makeConnection(NConnectionMaker.java:22) - =connection=oracle.jdbc.driver.T4CConnection@54336c81
[2022-05-27 12:03:09.480] DEBUG NConnectionMaker.makeConnection(NConnectionMaker.java:23) - ==============================
[2022-05-27 12:03:09.480] DEBUG UserDao.add(UserDao.java:113) - ==============================
[2022-05-27 12:03:09.480] DEBUG UserDao.add(UserDao.java:114) - =param: UserVO [uId=p77, name=박훈, passwd=4321]
[2022-05-27 12:03:09.480] DEBUG UserDao.add(UserDao.java:115) - =sql: 
INSERT INTO hr_member (
	     u_id,             
	     name,             
	     passwd            
	) VALUES (             
	     ?,                
	     ?,                
	     ?                 
	)                      

[2022-05-27 12:03:09.480] DEBUG UserDao.add(UserDao.java:116) - ==============================
[2022-05-27 12:03:09.564] DEBUG UserDaoTest.main(UserDaoTest.java:64) - =============================
[2022-05-27 12:03:09.564] DEBUG UserDaoTest.main(UserDaoTest.java:65) - =ClassNotFoundException | SQLException=ORA-00001: 무결성 제약 조건(SPRING.PK_HR_MEMBER)에 위배됩니다

[2022-05-27 12:03:09.564] DEBUG UserDaoTest.main(UserDaoTest.java:66) - =============================
[2022-05-27 12:41:08.548] DEBUG SingleToneMain.main(SingleToneMain.java:14) - ============================
[2022-05-27 12:41:08.549] DEBUG SingleToneMain.main(SingleToneMain.java:15) - =userDao01=com.pcwk.ehr.UserDao@279ad2e3
[2022-05-27 12:41:08.549] DEBUG SingleToneMain.main(SingleToneMain.java:16) - =userDao02=com.pcwk.ehr.UserDao@58134517
[2022-05-27 12:41:08.550] DEBUG SingleToneMain.main(SingleToneMain.java:17) - ============================
[2022-05-27 12:45:03.418] DEBUG SingleToneMain.main(SingleToneMain.java:16) - ============================
[2022-05-27 12:45:03.420] DEBUG SingleToneMain.main(SingleToneMain.java:17) - =userDao01=com.pcwk.ehr.UserDao@6279cee3
[2022-05-27 12:45:03.420] DEBUG SingleToneMain.main(SingleToneMain.java:18) - =userDao02=com.pcwk.ehr.UserDao@4206a205
[2022-05-27 12:45:03.420] DEBUG SingleToneMain.main(SingleToneMain.java:19) - ============================
[2022-05-27 12:45:03.628] DEBUG SingleToneMain.main(SingleToneMain.java:27) - ============================
[2022-05-27 12:45:03.628] DEBUG SingleToneMain.main(SingleToneMain.java:28) - =userDao03=com.pcwk.ehr.UserDao@7161d8d1
[2022-05-27 12:45:03.628] DEBUG SingleToneMain.main(SingleToneMain.java:29) - =userDao04=com.pcwk.ehr.UserDao@7161d8d1
[2022-05-27 12:45:03.628] DEBUG SingleToneMain.main(SingleToneMain.java:30) - ============================
