[2022-06-02 12:26:25.236] INFO  AbstractTestContextBootstrapper.getDefaultTestExecutionListenerClassNames(AbstractTestContextBootstrapper.java:245) - Loaded default TestExecutionListener class names from location [META-INF/spring.factories]: [org.springframework.test.context.web.ServletTestExecutionListener, org.springframework.test.context.support.DirtiesContextBeforeModesTestExecutionListener, org.springframework.test.context.event.ApplicationEventsTestExecutionListener, org.springframework.test.context.support.DependencyInjectionTestExecutionListener, org.springframework.test.context.support.DirtiesContextTestExecutionListener, org.springframework.test.context.transaction.TransactionalTestExecutionListener, org.springframework.test.context.jdbc.SqlScriptsTestExecutionListener, org.springframework.test.context.event.EventPublishingTestExecutionListener]
[2022-06-02 12:26:25.249] INFO  AbstractTestContextBootstrapper.getTestExecutionListeners(AbstractTestContextBootstrapper.java:174) - Using TestExecutionListeners: [org.springframework.test.context.support.DirtiesContextBeforeModesTestExecutionListener@1a677343, org.springframework.test.context.event.ApplicationEventsTestExecutionListener@15de0b3c, org.springframework.test.context.support.DependencyInjectionTestExecutionListener@489115ef, org.springframework.test.context.support.DirtiesContextTestExecutionListener@3857f613, org.springframework.test.context.transaction.TransactionalTestExecutionListener@198b6731, org.springframework.test.context.jdbc.SqlScriptsTestExecutionListener@7c6908d7, org.springframework.test.context.event.EventPublishingTestExecutionListener@3c9754d8]
[2022-06-02 12:26:25.421] DEBUG SonySpeaker.<init>(SonySpeaker.java:12) - SonySpeaker생성자 호출
[2022-06-02 12:26:25.424] DEBUG AppleSpeaker.<init>(AppleSpeaker.java:11) - Apple Speaker생성자 호출
[2022-06-02 12:26:25.439] DEBUG SamsungTv.<init>(SamsungTv.java:27) - 삼성Tv인자 2개 생성자 호출!
[2022-06-02 12:26:25.439] DEBUG SamsungTv.<init>(SamsungTv.java:28) - price: 20000000
[2022-06-02 12:26:25.439] DEBUG SamsungTv.initMethod(SamsungTv.java:33) - 삼성Tv initMethod()
[2022-06-02 12:26:25.462] DEBUG JTvPcwk.setUp(JTvPcwk.java:28) - ========================
[2022-06-02 12:26:25.462] DEBUG JTvPcwk.setUp(JTvPcwk.java:29) - 0. =setUp()=
[2022-06-02 12:26:25.462] DEBUG JTvPcwk.setUp(JTvPcwk.java:30) - ========================
[2022-06-02 12:26:25.475] DEBUG JTvPcwk.setUp(JTvPcwk.java:34) - context: org.springframework.context.support.GenericApplicationContext@ed7f8b4, started on Thu Jun 02 12:26:25 KST 2022
[2022-06-02 12:26:25.475] DEBUG JTvPcwk.setUp(JTvPcwk.java:35) - tv01: com.pcwk.ehr.SamsungTv@15d49048
[2022-06-02 12:26:25.475] DEBUG JTvPcwk.setUp(JTvPcwk.java:36) - tv02: com.pcwk.ehr.SamsungTv@15d49048
[2022-06-02 12:26:25.476] DEBUG JTvPcwk.tvTest(JTvPcwk.java:51) - ========================
[2022-06-02 12:26:25.476] DEBUG JTvPcwk.tvTest(JTvPcwk.java:52) - =tvTest()=
[2022-06-02 12:26:25.476] DEBUG JTvPcwk.tvTest(JTvPcwk.java:53) - ========================
[2022-06-02 12:26:25.476] DEBUG SamsungTv.powerOn(SamsungTv.java:43) - 삼성Tv 전원을 켠다.
[2022-06-02 12:26:25.477] DEBUG AppleSpeaker.volumeUp(AppleSpeaker.java:16) - Apple SpeakervolumeUp 호출
[2022-06-02 12:26:25.477] DEBUG AppleSpeaker.volumeDown(AppleSpeaker.java:21) - Apple SpeakervolumeDown 호출
[2022-06-02 12:26:25.477] DEBUG SamsungTv.powerOff(SamsungTv.java:48) - 삼성Tv 전원을 끈다.
[2022-06-02 12:26:25.479] DEBUG JTvPcwk.tearDown(JTvPcwk.java:44) - ========================
[2022-06-02 12:26:25.479] DEBUG JTvPcwk.tearDown(JTvPcwk.java:45) - 9. =tearDown()=
[2022-06-02 12:26:25.479] DEBUG JTvPcwk.tearDown(JTvPcwk.java:46) - ========================
[2022-06-02 12:26:25.482] DEBUG SamsungTv.destroyMethod(SamsungTv.java:38) - 삼성Tv destroyMethod()
